2019-03-16 14:06:04,005 - root - INFO - 查询结果：{"task":"update success"}
2019-03-16 14:06:04,006 - root - INFO - 数据格式为：{"task":"update success"}
2019-03-16 14:06:04,011 - root - INFO - 成功发起PUT请求，请求结果code为：201, 请求结果字段为：{'task': 'update success'}
2019-03-16 14:06:04,012 - root - INFO - 请求传入数据：url:http://127.0.0.1:5000/todos/todo2,key:5.0,参数:{"task":"update success"},请求方式：PUT
2019-03-16 14:06:04,012 - root - INFO - 对【code】断言,断言结果--预期值201 == 实际值201
2019-03-16 14:06:04,013 - root - INFO - 对【task】字段断言,断言结果--预期值update success == 实际值update success
2019-03-16 14:06:04,014 - root - INFO - 测试用例执行完毕
2019-03-16 14:06:04,014 - root - INFO - ----------------------------------
2019-03-16 14:06:04,015 - root - INFO - 测试用例开始执行
2019-03-16 14:06:04,016 - root - INFO - 获取用例数据:{'param': 'not argument', 'expect1': 'code=204', 'way': 'DELETE', 'id': 6.0, 'url': 'http://127.0.0.1:5000/todos/todo1', 'place': '', 'expect2': 'param=null', 'key': 6.0, 'name': 'delete请求成功删除数据'}
2019-03-16 14:06:04,020 - root - INFO - 成功发起DELETE请求，请求结果code为：204, 请求结果字段为：
2019-03-16 14:06:04,021 - root - INFO - 请求传入数据：url:http://127.0.0.1:5000/todos/todo1,key:6.0,参数:not argument,请求方式：DELETE
2019-03-16 14:06:04,021 - root - INFO - 对【code】断言,断言结果--预期值204 == 实际值204
2019-03-16 14:06:04,022 - root - INFO - 测试用例执行完毕
2019-03-16 14:06:04,023 - root - INFO - ----------------------------------
2019-03-16 14:06:04,023 - root - INFO - 测试用例开始执行
2019-03-16 14:06:04,024 - root - INFO - 获取用例数据:{'param': 'not argument', 'expect1': 'code=200', 'way': 'GET', 'id': 1.0, 'url': 'http://127.0.0.1:5000/todos', 'place': '', 'expect2': 'param=null', 'key': 7.0, 'name': 'get请求返回resultcode正确'}
2019-03-16 14:06:04,029 - root - INFO - 成功发起GET请求，请求结果code为：200, 请求结果字段为：{
    "todo3": {
        "task3": "third request"
    },
    "todo5": {
        "task": "fourth request"
    },
    "todo4": {
        "task": "fourth request"
    },
    "todo2": {
        "task": "update success"
    }
}

2019-03-16 14:06:04,029 - root - INFO - 请求传入数据：url:http://127.0.0.1:5000/todos,key:7.0,参数:not argument,请求方式：GET
2019-03-16 14:06:04,030 - root - INFO - 对【code】断言,断言结果--预期值200 == 实际值200
2019-03-16 14:06:04,031 - root - INFO - 测试用例执行完毕
2019-03-16 14:06:04,031 - root - INFO - ----------------------------------
2019-03-16 14:06:04,032 - root - INFO - 测试用例开始执行
2019-03-16 14:06:04,033 - root - INFO - 获取用例数据:{'param': 'not argument', 'expect1': 'code=2011', 'way': 'GET', 'id': 2.0, 'url': 'http://127.0.0.1:5000/todos', 'place': '', 'expect2': 'param=null', 'key': 8.0, 'name': 'get请求返回resultcode不正确'}
2019-03-16 14:06:04,038 - root - INFO - 成功发起GET请求，请求结果code为：200, 请求结果字段为：{
    "todo3": {
        "task3": "third request"
    },
    "todo5": {
        "task": "fourth request"
    },
    "todo4": {
        "task": "fourth request"
    },
    "todo2": {
        "task": "update success"
    }
}

2019-03-16 14:06:04,038 - root - INFO - 请求传入数据：url:http://127.0.0.1:5000/todos,key:8.0,参数:not argument,请求方式：GET
2019-03-16 14:06:04,039 - root - WARNING - 对【code】断言,断言结果--预期值2011 != 实际值200
2019-03-16 14:06:04,040 - root - INFO - 测试用例执行完毕
2019-03-16 14:06:04,040 - root - INFO - ----------------------------------
2019-03-16 14:06:04,041 - root - INFO - 测试用例开始执行
2019-03-16 14:06:04,042 - root - INFO - 获取用例数据:{'param': '{"task":"fourth request"}', 'expect1': 'code=202', 'way': 'POST', 'id': 3.0, 'url': 'http://127.0.0.1:5000/todos', 'place': '', 'expect2': 'task=fourth request', 'key': 9.0, 'name': 'post请求返回resultcode和task正确'}
2019-03-16 14:06:04,047 - root - INFO - 成功发起POST请求，请求结果code为：202, 请求结果字段为：{'task': 'fourth request'}
2019-03-16 14:06:04,048 - root - INFO - 请求传入数据：url:http://127.0.0.1:5000/todos,key:9.0,参数:{"task":"fourth request"},请求方式：POST
2019-03-16 14:06:04,048 - root - INFO - 对【code】断言,断言结果--预期值202 == 实际值202
2019-03-16 14:06:04,049 - root - INFO - 对【task】字段断言,断言结果--预期值fourth request == 实际值fourth request
2019-03-16 14:06:04,050 - root - INFO - 测试用例执行完毕
2019-03-16 14:06:04,050 - root - INFO - ----------------------------------
